# JRE version: Java(TM) SE Runtime Environment (21.0.5+9) (build 21.0.5+9-LTS-239)
# Java VM: Java HotSpot(TM) 64-Bit Server VM (21.0.5+9-LTS-239, mixed mode, sharing, tiered, compressed oops, compressed class ptrs, g1 gc, windows-amd64)
GC Precious Log:
 CardTable entry size: 512
 Card Set container configuration: InlinePtr #cards 4 size 8 Array Of Cards #cards 16 size 48 Howl #buckets 8 coarsen threshold 3686 Howl Bitmap #cards 512 size 80 coarsen threshold 460 Card regions per heap region 1 cards per card region 4096
 CPUs: 16 total, 16 available
 Memory: 16014M
 Large Page Support: Disabled
 NUMA Support: Disabled
 Compressed Oops: Enabled (Zero based)
 Heap Region Size: 2M
 Heap Min Capacity: 8M
 Heap Initial Capacity: 252M
 Heap Max Capacity: 4004M
 Pre-touch: Disabled
 Parallel Workers: 13
 Concurrent Workers: 3
 Concurrent Refinement Workers: 13
 Periodic GC: Disabled
Heap:
 garbage-first heap   total 96256K, used 48193K [0x0000000705c00000, 0x0000000800000000)
  region size 2048K, 6 young (12288K), 2 survivors (4096K)
 Metaspace       used 86358K, committed 87168K, reserved 1179648K
  class space    used 11291K, committed 11648K, reserved 1048576K
GC Heap History (20 events):
Event: 7.520 GC heap before
{Heap before GC invocations=21 (full 0):
 garbage-first heap   total 96256K, used 84657K [0x0000000705c00000, 0x0000000800000000)
  region size 2048K, 28 young (57344K), 2 survivors (4096K)
 Metaspace       used 71766K, committed 72448K, reserved 1114112K
  class space    used 9358K, committed 9664K, reserved 1048576K
}
Event: 7.523 GC heap after
{Heap after GC invocations=22 (full 0):
 garbage-first heap   total 96256K, used 33963K [0x0000000705c00000, 0x0000000800000000)
  region size 2048K, 4 young (8192K), 4 survivors (8192K)
 Metaspace       used 71766K, committed 72448K, reserved 1114112K
  class space    used 9358K, committed 9664K, reserved 1048576K
}
Event: 7.903 GC heap before
{Heap before GC invocations=22 (full 0):
 garbage-first heap   total 96256K, used 79019K [0x0000000705c00000, 0x0000000800000000)
  region size 2048K, 26 young (53248K), 4 survivors (8192K)
 Metaspace       used 74141K, committed 74880K, reserved 1114112K
  class space    used 9648K, committed 9984K, reserved 1048576K
}
Event: 7.909 GC heap after
{Heap after GC invocations=23 (full 0):
 garbage-first heap   total 96256K, used 35991K [0x0000000705c00000, 0x0000000800000000)
  region size 2048K, 3 young (6144K), 3 survivors (6144K)
 Metaspace       used 74141K, committed 74880K, reserved 1114112K
  class space    used 9648K, committed 9984K, reserved 1048576K
}
Event: 8.212 GC heap before
{Heap before GC invocations=24 (full 0):
 garbage-first heap   total 96256K, used 83095K [0x0000000705c00000, 0x0000000800000000)
  region size 2048K, 26 young (53248K), 3 survivors (6144K)
 Metaspace       used 76113K, committed 76800K, reserved 1179648K
  class space    used 9954K, committed 10240K, reserved 1048576K
}
Event: 8.215 GC heap after
{Heap after GC invocations=25 (full 0):
 garbage-first heap   total 96256K, used 37633K [0x0000000705c00000, 0x0000000800000000)
  region size 2048K, 2 young (4096K), 2 survivors (4096K)
 Metaspace       used 76113K, committed 76800K, reserved 1179648K
  class space    used 9954K, committed 10240K, reserved 1048576K
}
Event: 8.652 GC heap before
{Heap before GC invocations=25 (full 0):
 garbage-first heap   total 96256K, used 84737K [0x0000000705c00000, 0x0000000800000000)
  region size 2048K, 25 young (51200K), 2 survivors (4096K)
 Metaspace       used 77909K, committed 78656K, reserved 1179648K
  class space    used 10206K, committed 10560K, reserved 1048576K
}
Event: 8.656 GC heap after
{Heap after GC invocations=26 (full 0):
 garbage-first heap   total 96256K, used 39576K [0x0000000705c00000, 0x0000000800000000)
  region size 2048K, 3 young (6144K), 3 survivors (6144K)
 Metaspace       used 77909K, committed 78656K, reserved 1179648K
  class space    used 10206K, committed 10560K, reserved 1048576K
}
Event: 9.002 GC heap before
{Heap before GC invocations=26 (full 0):
 garbage-first heap   total 96256K, used 82584K [0x0000000705c00000, 0x0000000800000000)
  region size 2048K, 24 young (49152K), 3 survivors (6144K)
 Metaspace       used 79986K, committed 80768K, reserved 1179648K
  class space    used 10465K, committed 10816K, reserved 1048576K
}
Event: 9.005 GC heap after
{Heap after GC invocations=27 (full 0):
 garbage-first heap   total 96256K, used 41441K [0x0000000705c00000, 0x0000000800000000)
  region size 2048K, 3 young (6144K), 3 survivors (6144K)
 Metaspace       used 79986K, committed 80768K, reserved 1179648K
  class space    used 10465K, committed 10816K, reserved 1048576K
}
Event: 238.307 GC heap before
{Heap before GC invocations=28 (full 0):
 garbage-first heap   total 96256K, used 82401K [0x0000000705c00000, 0x0000000800000000)
  region size 2048K, 23 young (47104K), 3 survivors (6144K)
 Metaspace       used 80799K, committed 81600K, reserved 1179648K
  class space    used 10570K, committed 10944K, reserved 1048576K
}
Event: 238.326 GC heap after
{Heap after GC invocations=29 (full 0):
 garbage-first heap   total 96256K, used 41354K [0x0000000705c00000, 0x0000000800000000)
  region size 2048K, 2 young (4096K), 2 survivors (4096K)
 Metaspace       used 80799K, committed 81600K, reserved 1179648K
  class space    used 10570K, committed 10944K, reserved 1048576K
}
Event: 530.703 GC heap before
{Heap before GC invocations=29 (full 0):
 garbage-first heap   total 96256K, used 84362K [0x0000000705c00000, 0x0000000800000000)
  region size 2048K, 23 young (47104K), 2 survivors (4096K)
 Metaspace       used 80852K, committed 81664K, reserved 1179648K
  class space    used 10570K, committed 10944K, reserved 1048576K
}
Event: 530.717 GC heap after
{Heap after GC invocations=30 (full 0):
 garbage-first heap   total 96256K, used 41207K [0x0000000705c00000, 0x0000000800000000)
  region size 2048K, 2 young (4096K), 2 survivors (4096K)
 Metaspace       used 80852K, committed 81664K, reserved 1179648K
  class space    used 10570K, committed 10944K, reserved 1048576K
}
Event: 644.197 GC heap before
{Heap before GC invocations=30 (full 0):
 garbage-first heap   total 96256K, used 82167K [0x0000000705c00000, 0x0000000800000000)
  region size 2048K, 23 young (47104K), 2 survivors (4096K)
 Metaspace       used 83663K, committed 84544K, reserved 1179648K
  class space    used 10950K, committed 11328K, reserved 1048576K
}
Event: 644.200 GC heap after
{Heap after GC invocations=31 (full 0):
 garbage-first heap   total 96256K, used 41821K [0x0000000705c00000, 0x0000000800000000)
  region size 2048K, 2 young (4096K), 2 survivors (4096K)
 Metaspace       used 83663K, committed 84544K, reserved 1179648K
  class space    used 10950K, committed 11328K, reserved 1048576K
}
Event: 769.990 GC heap before
{Heap before GC invocations=32 (full 0):
 garbage-first heap   total 96256K, used 82781K [0x0000000705c00000, 0x0000000800000000)
  region size 2048K, 23 young (47104K), 2 survivors (4096K)
 Metaspace       used 86083K, committed 86912K, reserved 1179648K
  class space    used 11259K, committed 11648K, reserved 1048576K
}
Event: 769.997 GC heap after
{Heap after GC invocations=33 (full 0):
 garbage-first heap   total 96256K, used 42295K [0x0000000705c00000, 0x0000000800000000)
  region size 2048K, 1 young (2048K), 1 survivors (2048K)
 Metaspace       used 86083K, committed 86912K, reserved 1179648K
  class space    used 11259K, committed 11648K, reserved 1048576K
}
Event: 1052.036 GC heap before
{Heap before GC invocations=33 (full 0):
 garbage-first heap   total 96256K, used 85303K [0x0000000705c00000, 0x0000000800000000)
  region size 2048K, 23 young (47104K), 1 survivors (2048K)
 Metaspace       used 86337K, committed 87104K, reserved 1179648K
  class space    used 11291K, committed 11648K, reserved 1048576K
}
Event: 1052.062 GC heap after
{Heap after GC invocations=34 (full 0):
 garbage-first heap   total 96256K, used 42049K [0x0000000705c00000, 0x0000000800000000)
  region size 2048K, 2 young (4096K), 2 survivors (4096K)
 Metaspace       used 86337K, committed 87104K, reserved 1179648K
  class space    used 11291K, committed 11648K, reserved 1048576K
}

