# JRE version: Java(TM) SE Runtime Environment (21.0.5+9) (build 21.0.5+9-LTS-239)
# Java VM: Java HotSpot(TM) 64-Bit Server VM (21.0.5+9-LTS-239, mixed mode, sharing, tiered, compressed oops, compressed class ptrs, g1 gc, windows-amd64)
GC Precious Log:
 CardTable entry size: 512
 Card Set container configuration: InlinePtr #cards 4 size 8 Array Of Cards #cards 16 size 48 Howl #buckets 8 coarsen threshold 3686 Howl Bitmap #cards 512 size 80 coarsen threshold 460 Card regions per heap region 1 cards per card region 4096
 CPUs: 16 total, 16 available
 Memory: 16014M
 Large Page Support: Disabled
 NUMA Support: Disabled
 Compressed Oops: Enabled (Zero based)
 Heap Region Size: 2M
 Heap Min Capacity: 8M
 Heap Initial Capacity: 252M
 Heap Max Capacity: 4004M
 Pre-touch: Disabled
 Parallel Workers: 13
 Concurrent Workers: 3
 Concurrent Refinement Workers: 13
 Periodic GC: Disabled
Heap:
 garbage-first heap   total 104448K, used 64880K [0x0000000705c00000, 0x0000000800000000)
  region size 2048K, 14 young (28672K), 2 survivors (4096K)
 Metaspace       used 85022K, committed 85888K, reserved 1179648K
  class space    used 11135K, committed 11520K, reserved 1048576K
GC Heap History (20 events):
Event: 6.148 GC heap before
{Heap before GC invocations=16 (full 0):
 garbage-first heap   total 86016K, used 71914K [0x0000000705c00000, 0x0000000800000000)
  region size 2048K, 24 young (49152K), 3 survivors (6144K)
 Metaspace       used 58279K, committed 58880K, reserved 1114112K
  class space    used 7415K, committed 7680K, reserved 1048576K
}
Event: 6.152 GC heap after
{Heap after GC invocations=17 (full 0):
 garbage-first heap   total 86016K, used 29984K [0x0000000705c00000, 0x0000000800000000)
  region size 2048K, 2 young (4096K), 2 survivors (4096K)
 Metaspace       used 58279K, committed 58880K, reserved 1114112K
  class space    used 7415K, committed 7680K, reserved 1048576K
}
Event: 6.221 GC heap before
{Heap before GC invocations=17 (full 0):
 garbage-first heap   total 86016K, used 42272K [0x0000000705c00000, 0x0000000800000000)
  region size 2048K, 9 young (18432K), 2 survivors (4096K)
 Metaspace       used 59522K, committed 60096K, reserved 1114112K
  class space    used 7561K, committed 7808K, reserved 1048576K
}
Event: 6.224 GC heap after
{Heap after GC invocations=18 (full 0):
 garbage-first heap   total 86016K, used 30095K [0x0000000705c00000, 0x0000000800000000)
  region size 2048K, 2 young (4096K), 2 survivors (4096K)
 Metaspace       used 59522K, committed 60096K, reserved 1114112K
  class space    used 7561K, committed 7808K, reserved 1048576K
}
Event: 6.462 GC heap before
{Heap before GC invocations=19 (full 0):
 garbage-first heap   total 86016K, used 73103K [0x0000000705c00000, 0x0000000800000000)
  region size 2048K, 23 young (47104K), 2 survivors (4096K)
 Metaspace       used 64449K, committed 65024K, reserved 1114112K
  class space    used 8413K, committed 8640K, reserved 1048576K
}
Event: 6.464 GC heap after
{Heap after GC invocations=20 (full 0):
 garbage-first heap   total 86016K, used 30851K [0x0000000705c00000, 0x0000000800000000)
  region size 2048K, 2 young (4096K), 2 survivors (4096K)
 Metaspace       used 64449K, committed 65024K, reserved 1114112K
  class space    used 8413K, committed 8640K, reserved 1048576K
}
Event: 6.728 GC heap before
{Heap before GC invocations=20 (full 0):
 garbage-first heap   total 86016K, used 71811K [0x0000000705c00000, 0x0000000800000000)
  region size 2048K, 23 young (47104K), 2 survivors (4096K)
 Metaspace       used 68352K, committed 68992K, reserved 1114112K
  class space    used 8940K, committed 9216K, reserved 1048576K
}
Event: 6.731 GC heap after
{Heap after GC invocations=21 (full 0):
 garbage-first heap   total 86016K, used 30863K [0x0000000705c00000, 0x0000000800000000)
  region size 2048K, 2 young (4096K), 2 survivors (4096K)
 Metaspace       used 68352K, committed 68992K, reserved 1114112K
  class space    used 8940K, committed 9216K, reserved 1048576K
}
Event: 7.012 GC heap before
{Heap before GC invocations=21 (full 0):
 garbage-first heap   total 86016K, used 73871K [0x0000000705c00000, 0x0000000800000000)
  region size 2048K, 23 young (47104K), 2 survivors (4096K)
 Metaspace       used 71775K, committed 72448K, reserved 1114112K
  class space    used 9354K, committed 9664K, reserved 1048576K
}
Event: 7.015 GC heap after
{Heap after GC invocations=22 (full 0):
 garbage-first heap   total 104448K, used 33365K [0x0000000705c00000, 0x0000000800000000)
  region size 2048K, 3 young (6144K), 3 survivors (6144K)
 Metaspace       used 71775K, committed 72448K, reserved 1114112K
  class space    used 9354K, committed 9664K, reserved 1048576K
}
Event: 7.428 GC heap before
{Heap before GC invocations=22 (full 0):
 garbage-first heap   total 104448K, used 88661K [0x0000000705c00000, 0x0000000800000000)
  region size 2048K, 30 young (61440K), 3 survivors (6144K)
 Metaspace       used 74189K, committed 74880K, reserved 1114112K
  class space    used 9635K, committed 9984K, reserved 1048576K
}
Event: 7.433 GC heap after
{Heap after GC invocations=23 (full 0):
 garbage-first heap   total 104448K, used 35668K [0x0000000705c00000, 0x0000000800000000)
  region size 2048K, 4 young (8192K), 4 survivors (8192K)
 Metaspace       used 74189K, committed 74880K, reserved 1114112K
  class space    used 9635K, committed 9984K, reserved 1048576K
}
Event: 7.920 GC heap before
{Heap before GC invocations=23 (full 0):
 garbage-first heap   total 104448K, used 84820K [0x0000000705c00000, 0x0000000800000000)
  region size 2048K, 28 young (57344K), 4 survivors (8192K)
 Metaspace       used 76783K, committed 77504K, reserved 1179648K
  class space    used 9991K, committed 10304K, reserved 1048576K
}
Event: 7.924 GC heap after
{Heap after GC invocations=24 (full 0):
 garbage-first heap   total 104448K, used 37684K [0x0000000705c00000, 0x0000000800000000)
  region size 2048K, 3 young (6144K), 3 survivors (6144K)
 Metaspace       used 76783K, committed 77504K, reserved 1179648K
  class space    used 9991K, committed 10304K, reserved 1048576K
}
Event: 8.523 GC heap before
{Heap before GC invocations=25 (full 0):
 garbage-first heap   total 104448K, used 84788K [0x0000000705c00000, 0x0000000800000000)
  region size 2048K, 27 young (55296K), 3 survivors (6144K)
 Metaspace       used 78779K, committed 79552K, reserved 1179648K
  class space    used 10291K, committed 10624K, reserved 1048576K
}
Event: 8.527 GC heap after
{Heap after GC invocations=26 (full 0):
 garbage-first heap   total 104448K, used 40210K [0x0000000705c00000, 0x0000000800000000)
  region size 2048K, 3 young (6144K), 3 survivors (6144K)
 Metaspace       used 78779K, committed 79552K, reserved 1179648K
  class space    used 10291K, committed 10624K, reserved 1048576K
}
Event: 20.330 GC heap before
{Heap before GC invocations=26 (full 0):
 garbage-first heap   total 104448K, used 87314K [0x0000000705c00000, 0x0000000800000000)
  region size 2048K, 26 young (53248K), 3 survivors (6144K)
 Metaspace       used 81920K, committed 82752K, reserved 1179648K
  class space    used 10695K, committed 11072K, reserved 1048576K
}
Event: 20.335 GC heap after
{Heap after GC invocations=27 (full 0):
 garbage-first heap   total 104448K, used 42480K [0x0000000705c00000, 0x0000000800000000)
  region size 2048K, 3 young (6144K), 3 survivors (6144K)
 Metaspace       used 81920K, committed 82752K, reserved 1179648K
  class space    used 10695K, committed 11072K, reserved 1048576K
}
Event: 116.522 GC heap before
{Heap before GC invocations=28 (full 0):
 garbage-first heap   total 104448K, used 85488K [0x0000000705c00000, 0x0000000800000000)
  region size 2048K, 25 young (51200K), 3 survivors (6144K)
 Metaspace       used 84927K, committed 85760K, reserved 1179648K
  class space    used 11134K, committed 11520K, reserved 1048576K
}
Event: 116.526 GC heap after
{Heap after GC invocations=29 (full 0):
 garbage-first heap   total 104448K, used 42352K [0x0000000705c00000, 0x0000000800000000)
  region size 2048K, 2 young (4096K), 2 survivors (4096K)
 Metaspace       used 84927K, committed 85760K, reserved 1179648K
  class space    used 11134K, committed 11520K, reserved 1048576K
}

